=== puma startup: 2016-05-19 13:16:01 -0500 ===
=== puma startup: 2016-05-19 13:42:14 -0500 ===
=== puma startup: 2016-05-19 13:44:18 -0500 ===
=== puma startup: 2016-05-19 14:17:41 -0500 ===
=== puma startup: 2016-05-19 14:24:23 -0500 ===
/Users/carlos.urango/.rvm/gems/ruby-2.2.1@rails426/gems/rack-1.6.4/lib/rack/server.rb:355:in `delete': No such file or directory @ unlink_internal - /Users/carlos.urango/Documents/RoR_workspace/apitest/tmp/pids/server.pid (Errno::ENOENT)
	from /Users/carlos.urango/.rvm/gems/ruby-2.2.1@rails426/gems/rack-1.6.4/lib/rack/server.rb:355:in `block in write_pid'
	from /Users/carlos.urango/.rvm/gems/ruby-2.2.1@rails426/gems/puma-3.4.0/lib/puma/cluster.rb:120:in `fork'
	from /Users/carlos.urango/.rvm/gems/ruby-2.2.1@rails426/gems/puma-3.4.0/lib/puma/cluster.rb:120:in `block in spawn_workers'
	from /Users/carlos.urango/.rvm/gems/ruby-2.2.1@rails426/gems/puma-3.4.0/lib/puma/cluster.rb:116:in `times'
	from /Users/carlos.urango/.rvm/gems/ruby-2.2.1@rails426/gems/puma-3.4.0/lib/puma/cluster.rb:116:in `spawn_workers'
	from /Users/carlos.urango/.rvm/gems/ruby-2.2.1@rails426/gems/puma-3.4.0/lib/puma/cluster.rb:424:in `run'
	from /Users/carlos.urango/.rvm/gems/ruby-2.2.1@rails426/gems/puma-3.4.0/lib/puma/launcher.rb:172:in `run'
	from /Users/carlos.urango/.rvm/gems/ruby-2.2.1@rails426/gems/puma-3.4.0/lib/rack/handler/puma.rb:51:in `run'
	from /Users/carlos.urango/.rvm/gems/ruby-2.2.1@rails426/gems/rack-1.6.4/lib/rack/server.rb:286:in `start'
	from /Users/carlos.urango/.rvm/gems/ruby-2.2.1@rails426/gems/railties-4.2.6/lib/rails/commands/server.rb:80:in `start'
	from /Users/carlos.urango/.rvm/gems/ruby-2.2.1@rails426/gems/railties-4.2.6/lib/rails/commands/commands_tasks.rb:80:in `block in server'
	from /Users/carlos.urango/.rvm/gems/ruby-2.2.1@rails426/gems/railties-4.2.6/lib/rails/commands/commands_tasks.rb:75:in `tap'
	from /Users/carlos.urango/.rvm/gems/ruby-2.2.1@rails426/gems/railties-4.2.6/lib/rails/commands/commands_tasks.rb:75:in `server'
	from /Users/carlos.urango/.rvm/gems/ruby-2.2.1@rails426/gems/railties-4.2.6/lib/rails/commands/commands_tasks.rb:39:in `run_command!'
	from /Users/carlos.urango/.rvm/gems/ruby-2.2.1@rails426/gems/railties-4.2.6/lib/rails/commands.rb:17:in `<top (required)>'
	from /Users/carlos.urango/Documents/RoR_workspace/apitest/bin/rails:9:in `require'
	from /Users/carlos.urango/Documents/RoR_workspace/apitest/bin/rails:9:in `<top (required)>'
	from /Users/carlos.urango/.rvm/gems/ruby-2.2.1@rails426/gems/spring-1.7.1/lib/spring/client/rails.rb:28:in `load'
	from /Users/carlos.urango/.rvm/gems/ruby-2.2.1@rails426/gems/spring-1.7.1/lib/spring/client/rails.rb:28:in `call'
	from /Users/carlos.urango/.rvm/gems/ruby-2.2.1@rails426/gems/spring-1.7.1/lib/spring/client/command.rb:7:in `call'
	from /Users/carlos.urango/.rvm/gems/ruby-2.2.1@rails426/gems/spring-1.7.1/lib/spring/client.rb:30:in `run'
	from /Users/carlos.urango/.rvm/gems/ruby-2.2.1@rails426/gems/spring-1.7.1/bin/spring:49:in `<top (required)>'
	from /Users/carlos.urango/.rvm/gems/ruby-2.2.1@rails426/gems/spring-1.7.1/lib/spring/binstub.rb:11:in `load'
	from /Users/carlos.urango/.rvm/gems/ruby-2.2.1@rails426/gems/spring-1.7.1/lib/spring/binstub.rb:11:in `<top (required)>'
	from /Users/carlos.urango/Documents/RoR_workspace/apitest/bin/spring:13:in `require'
	from /Users/carlos.urango/Documents/RoR_workspace/apitest/bin/spring:13:in `<top (required)>'
	from bin/rails:3:in `load'
	from bin/rails:3:in `<main>'
=== puma startup: 2016-05-19 14:25:58 -0500 ===
/Users/carlos.urango/.rvm/gems/ruby-2.2.1@rails426/gems/rack-1.6.4/lib/rack/server.rb:355:in `delete'/Users/carlos.urango/.rvm/gems/ruby-2.2.1@rails426/gems/rack-1.6.4/lib/rack/server.rb:355:in `delete': No such file or directory @ unlink_internal - /Users/carlos.urango/Documents/RoR_workspace/apitest/tmp/pids/server.pid (Errno::ENOENT)
: 	from /Users/carlos.urango/.rvm/gems/ruby-2.2.1@rails426/gems/rack-1.6.4/lib/rack/server.rb:355:in `block in write_pid'
	from /Users/carlos.urango/.rvm/gems/ruby-2.2.1@rails426/gems/puma-3.4.0/lib/puma/cluster.rb:120:in `fork'
No such file or directory @ unlink_internal - /Users/carlos.urango/Documents/RoR_workspace/apitest/tmp/pids/server.pid (Errno::ENOENT	from /Users/carlos.urango/.rvm/gems/ruby-2.2.1@rails426/gems/puma-3.4.0/lib/puma/cluster.rb:120:in `block in spawn_workers'
)
	from /Users/carlos.urango/.rvm/gems/ruby-2.2.1@rails426/gems/puma-3.4.0/lib/puma/cluster.rb:116:in `times'
	from /Users/carlos.urango/.rvm/gems/ruby-2.2.1@rails426/gems/puma-3.4.0/lib/puma/cluster.rb:116:in `spawn_workers'
	from /Users/carlos.urango/.rvm/gems/ruby-2.2.1@rails426/gems/puma-3.4.0/lib/puma/cluster.rb:424:in `run'
	from /Users/carlos.urango/.rvm/gems/ruby-2.2.1@rails426/gems/puma-3.4.0/lib/puma/launcher.rb:172:in `run'
	from /Users/carlos.urango/.rvm/gems/ruby-2.2.1@rails426/gems/rack-1.6.4/lib/rack/server.rb:355:in `block in write_pid'
	from /Users/carlos.urango/.rvm/gems/ruby-2.2.1@rails426/gems/puma-3.4.0/lib/puma/cluster.rb:120:in `fork'
	from /Users/carlos.urango/.rvm/gems/ruby-2.2.1@rails426/gems/puma-3.4.0/lib/rack/handler/puma.rb:51:in `run'
	from /Users/carlos.urango/.rvm/gems/ruby-2.2.1@rails426/gems/puma-3.4.0/lib/puma/cluster.rb:120:in `block in spawn_workers'
	from /Users/carlos.urango/.rvm/gems/ruby-2.2.1@rails426/gems/rack-1.6.4/lib/rack/server.rb:286:in `start'
	from /Users/carlos.urango/.rvm/gems/ruby-2.2.1@rails426/gems/puma-3.4.0/lib/puma/cluster.rb:116:in `times'
	from /Users/carlos.urango/.rvm/gems/ruby-2.2.1@rails426/gems/railties-4.2.6/lib/rails/commands/server.rb:80:in `start'
	from /Users/carlos.urango/.rvm/gems/ruby-2.2.1@rails426/gems/puma-3.4.0/lib/puma/cluster.rb:116:in `spawn_workers'
	from /Users/carlos.urango/.rvm/gems/ruby-2.2.1@rails426/gems/railties-4.2.6/lib/rails/commands/commands_tasks.rb:80:in `block in server'
	from /Users/carlos.urango/.rvm/gems/ruby-2.2.1@rails426/gems/puma-3.4.0/lib/puma/cluster.rb:424:in `run'
	from /Users/carlos.urango/.rvm/gems/ruby-2.2.1@rails426/gems/railties-4.2.6/lib/rails/commands/commands_tasks.rb:75:in `tap'
	from /Users/carlos.urango/.rvm/gems/ruby-2.2.1@rails426/gems/railties-4.2.6/lib/rails/commands/commands_tasks.rb:75:in `server'
	from /Users/carlos.urango/.rvm/gems/ruby-2.2.1@rails426/gems/railties-4.2.6/lib/rails/commands/commands_tasks.rb:39:in `run_command!'
	from /Users/carlos.urango/.rvm/gems/ruby-2.2.1@rails426/gems/railties-4.2.6/lib/rails/commands.rb:17:in `<top (required)>'
	from /Users/carlos.urango/Documents/RoR_workspace/apitest/bin/rails:9:in `require'
	from /Users/carlos.urango/Documents/RoR_workspace/apitest/bin/rails:9:in `<top (required)>'
	from /Users/carlos.urango/.rvm/gems/ruby-2.2.1@rails426/gems/spring-1.7.1/lib/spring/client/rails.rb:28:in `load'
	from /Users/carlos.urango/.rvm/gems/ruby-2.2.1@rails426/gems/spring-1.7.1/lib/spring/client/rails.rb:28:in `call'
	from /Users/carlos.urango/.rvm/gems/ruby-2.2.1@rails426/gems/spring-1.7.1/lib/spring/client/command.rb:7:in `call'
	from /Users/carlos.urango/.rvm/gems/ruby-2.2.1@rails426/gems/puma-3.4.0/lib/puma/launcher.rb:172:in `run'
	from /Users/carlos.urango/.rvm/gems/ruby-2.2.1@rails426/gems/puma-3.4.0/lib/rack/handler/puma.rb:51:in `run'
	from /Users/carlos.urango/.rvm/gems/ruby-2.2.1@rails426/gems/rack-1.6.4/lib/rack/server.rb:286:in `start'
	from /Users/carlos.urango/.rvm/gems/ruby-2.2.1@rails426/gems/railties-4.2.6/lib/rails/commands/server.rb:80:in `start'
	from /Users/carlos.urango/.rvm/gems/ruby-2.2.1@rails426/gems/railties-4.2.6/lib/rails/commands/commands_tasks.rb:80:in `block in server'
	from /Users/carlos.urango/.rvm/gems/ruby-2.2.1@rails426/gems/spring-1.7.1/lib/spring/client.rb:30:in `run'
	from /Users/carlos.urango/.rvm/gems/ruby-2.2.1@rails426/gems/railties-4.2.6/lib/rails/commands/commands_tasks.rb:75:in `tap'
	from /Users/carlos.urango/.rvm/gems/ruby-2.2.1@rails426/gems/spring-1.7.1/bin/spring:49:in `<top (required)>'
	from /Users/carlos.urango/.rvm/gems/ruby-2.2.1@rails426/gems/spring-1.7.1/lib/spring/binstub.rb:11:in `load'
	from /Users/carlos.urango/.rvm/gems/ruby-2.2.1@rails426/gems/railties-4.2.6/lib/rails/commands/commands_tasks.rb:75:in `server'
	from /Users/carlos.urango/.rvm/gems/ruby-2.2.1@rails426/gems/spring-1.7.1/lib/spring/binstub.rb:11:in `<top (required)>'
	from /Users/carlos.urango/.rvm/gems/ruby-2.2.1@rails426/gems/railties-4.2.6/lib/rails/commands/commands_tasks.rb:39:in `run_command!'
	from /Users/carlos.urango/Documents/RoR_workspace/apitest/bin/spring:13:in `require'
	from /Users/carlos.urango/.rvm/gems/ruby-2.2.1@rails426/gems/railties-4.2.6/lib/rails/commands.rb:17:in `<top (required)>'
	from /Users/carlos.urango/Documents/RoR_workspace/apitest/bin/spring:13:in `<top (required)>'
	from /Users/carlos.urango/Documents/RoR_workspace/apitest/bin/rails:9:in `require'
	from bin/rails:3:in `load'
	from /Users/carlos.urango/Documents/RoR_workspace/apitest/bin/rails:9:in `<top (required)>'
	from /Users/carlos.urango/.rvm/gems/ruby-2.2.1@rails426/gems/spring-1.7.1/lib/spring/client/rails.rb:28:in `load'
	from /Users/carlos.urango/.rvm/gems/ruby-2.2.1@rails426/gems/spring-1.7.1/lib/spring/client/rails.rb:28:in `call'
	from bin/rails:3:in `<main>'
	from /Users/carlos.urango/.rvm/gems/ruby-2.2.1@rails426/gems/spring-1.7.1/lib/spring/client/command.rb:7:in `call'
	from /Users/carlos.urango/.rvm/gems/ruby-2.2.1@rails426/gems/spring-1.7.1/lib/spring/client.rb:30:in `run'
	from /Users/carlos.urango/.rvm/gems/ruby-2.2.1@rails426/gems/spring-1.7.1/bin/spring:49:in `<top (required)>'
	from /Users/carlos.urango/.rvm/gems/ruby-2.2.1@rails426/gems/spring-1.7.1/lib/spring/binstub.rb:11:in `load'
	from /Users/carlos.urango/.rvm/gems/ruby-2.2.1@rails426/gems/spring-1.7.1/lib/spring/binstub.rb:11:in `<top (required)>'
	from /Users/carlos.urango/Documents/RoR_workspace/apitest/bin/spring:13:in `require'
	from /Users/carlos.urango/Documents/RoR_workspace/apitest/bin/spring:13:in `<top (required)>'
	from bin/rails:3:in `load'
	from bin/rails:3:in `<main>'
=== puma startup: 2016-05-19 14:27:50 -0500 ===
=== puma startup: 2016-05-20 13:54:15 -0500 ===
/Users/user/.rvm/gems/ruby-2.2.1@4.2.6/gems/rack-1.6.4/lib/rack/server.rb:355:in `delete': No such file or directory @ unlink_internal - /Users/user/Documents/ror_workspace/apitest/tmp/pids/server.pid (Errno::ENOENT)
	from /Users/user/.rvm/gems/ruby-2.2.1@4.2.6/gems/rack-1.6.4/lib/rack/server.rb:355:in `block in write_pid'
	from /Users/user/.rvm/gems/ruby-2.2.1@4.2.6/gems/puma-3.4.0/lib/puma/cluster.rb:120:in `fork'
	from /Users/user/.rvm/gems/ruby-2.2.1@4.2.6/gems/puma-3.4.0/lib/puma/cluster.rb:120:in `block in spawn_workers'
	from /Users/user/.rvm/gems/ruby-2.2.1@4.2.6/gems/puma-3.4.0/lib/puma/cluster.rb:116:in `times'
	from /Users/user/.rvm/gems/ruby-2.2.1@4.2.6/gems/puma-3.4.0/lib/puma/cluster.rb:116:in `spawn_workers'
	from /Users/user/.rvm/gems/ruby-2.2.1@4.2.6/gems/puma-3.4.0/lib/puma/cluster.rb:424:in `run'
	from /Users/user/.rvm/gems/ruby-2.2.1@4.2.6/gems/puma-3.4.0/lib/puma/launcher.rb:172:in `run'
	from /Users/user/.rvm/gems/ruby-2.2.1@4.2.6/gems/puma-3.4.0/lib/rack/handler/puma.rb:51:in `run'
	from /Users/user/.rvm/gems/ruby-2.2.1@4.2.6/gems/rack-1.6.4/lib/rack/server.rb:286:in `start'
	from /Users/user/.rvm/gems/ruby-2.2.1@4.2.6/gems/railties-4.2.6/lib/rails/commands/server.rb:80:in `start'
	from /Users/user/.rvm/gems/ruby-2.2.1@4.2.6/gems/railties-4.2.6/lib/rails/commands/commands_tasks.rb:80:in `block in server'
	from /Users/user/.rvm/gems/ruby-2.2.1@4.2.6/gems/railties-4.2.6/lib/rails/commands/commands_tasks.rb:75:in `tap'
	from /Users/user/.rvm/gems/ruby-2.2.1@4.2.6/gems/railties-4.2.6/lib/rails/commands/commands_tasks.rb:75:in `server'
	from /Users/user/.rvm/gems/ruby-2.2.1@4.2.6/gems/railties-4.2.6/lib/rails/commands/commands_tasks.rb:39:in `run_command!'
	from /Users/user/.rvm/gems/ruby-2.2.1@4.2.6/gems/railties-4.2.6/lib/rails/commands.rb:17:in `<top (required)>'
	from /Users/user/Documents/ror_workspace/apitest/bin/rails:9:in `require'
	from /Users/user/Documents/ror_workspace/apitest/bin/rails:9:in `<top (required)>'
	from /Users/user/.rvm/gems/ruby-2.2.1@4.2.6/gems/spring-1.7.1/lib/spring/client/rails.rb:28:in `load'
	from /Users/user/.rvm/gems/ruby-2.2.1@4.2.6/gems/spring-1.7.1/lib/spring/client/rails.rb:28:in `call'
	from /Users/user/.rvm/gems/ruby-2.2.1@4.2.6/gems/spring-1.7.1/lib/spring/client/command.rb:7:in `call'
	from /Users/user/.rvm/gems/ruby-2.2.1@4.2.6/gems/spring-1.7.1/lib/spring/client.rb:30:in `run'
	from /Users/user/.rvm/gems/ruby-2.2.1@4.2.6/gems/spring-1.7.1/bin/spring:49:in `<top (required)>'
	from /Users/user/.rvm/gems/ruby-2.2.1@4.2.6/gems/spring-1.7.1/lib/spring/binstub.rb:11:in `load'
	from /Users/user/.rvm/gems/ruby-2.2.1@4.2.6/gems/spring-1.7.1/lib/spring/binstub.rb:11:in `<top (required)>'
	from /Users/user/Documents/ror_workspace/apitest/bin/spring:13:in `require'
	from /Users/user/Documents/ror_workspace/apitest/bin/spring:13:in `<top (required)>'
	from bin/rails:3:in `load'
	from bin/rails:3:in `<main>'
=== puma startup: 2016-05-20 13:55:46 -0500 ===
=== puma startup: 2016-05-20 13:58:52 -0500 ===
/Users/user/.rvm/gems/ruby-2.2.1@4.2.6/gems/rack-1.6.4/lib/rack/server.rb:355:in `delete': No such file or directory @ unlink_internal - /Users/user/Documents/ror_workspace/apitest/tmp/pids/server.pid (Errno::ENOENT)
	from /Users/user/.rvm/gems/ruby-2.2.1@4.2.6/gems/rack-1.6.4/lib/rack/server.rb:355:in `block in write_pid'
	from /Users/user/.rvm/gems/ruby-2.2.1@4.2.6/gems/puma-3.4.0/lib/puma/cluster.rb:120:in `fork'
	from /Users/user/.rvm/gems/ruby-2.2.1@4.2.6/gems/puma-3.4.0/lib/puma/cluster.rb:120:in `block in spawn_workers'
	from /Users/user/.rvm/gems/ruby-2.2.1@4.2.6/gems/puma-3.4.0/lib/puma/cluster.rb:116:in `times'
	from /Users/user/.rvm/gems/ruby-2.2.1@4.2.6/gems/puma-3.4.0/lib/puma/cluster.rb:116:in `spawn_workers'
	from /Users/user/.rvm/gems/ruby-2.2.1@4.2.6/gems/puma-3.4.0/lib/puma/cluster.rb:424:in `run'
	from /Users/user/.rvm/gems/ruby-2.2.1@4.2.6/gems/puma-3.4.0/lib/puma/launcher.rb:172:in `run'
	from /Users/user/.rvm/gems/ruby-2.2.1@4.2.6/gems/puma-3.4.0/lib/rack/handler/puma.rb:51:in `run'
	from /Users/user/.rvm/gems/ruby-2.2.1@4.2.6/gems/rack-1.6.4/lib/rack/server.rb:286:in `start'
	from /Users/user/.rvm/gems/ruby-2.2.1@4.2.6/gems/railties-4.2.6/lib/rails/commands/server.rb:80:in `start'
	from /Users/user/.rvm/gems/ruby-2.2.1@4.2.6/gems/railties-4.2.6/lib/rails/commands/commands_tasks.rb:80:in `block in server'
	from /Users/user/.rvm/gems/ruby-2.2.1@4.2.6/gems/railties-4.2.6/lib/rails/commands/commands_tasks.rb:75:in `tap'
	from /Users/user/.rvm/gems/ruby-2.2.1@4.2.6/gems/railties-4.2.6/lib/rails/commands/commands_tasks.rb:75:in `server'
	from /Users/user/.rvm/gems/ruby-2.2.1@4.2.6/gems/railties-4.2.6/lib/rails/commands/commands_tasks.rb:39:in `run_command!'
	from /Users/user/.rvm/gems/ruby-2.2.1@4.2.6/gems/railties-4.2.6/lib/rails/commands.rb:17:in `<top (required)>'
	from /Users/user/Documents/ror_workspace/apitest/bin/rails:9:in `require'
	from /Users/user/Documents/ror_workspace/apitest/bin/rails:9:in `<top (required)>'
	from /Users/user/.rvm/gems/ruby-2.2.1@4.2.6/gems/spring-1.7.1/lib/spring/client/rails.rb:28:in `load'
	from /Users/user/.rvm/gems/ruby-2.2.1@4.2.6/gems/spring-1.7.1/lib/spring/client/rails.rb:28:in `call'
	from /Users/user/.rvm/gems/ruby-2.2.1@4.2.6/gems/spring-1.7.1/lib/spring/client/command.rb:7:in `call'
	from /Users/user/.rvm/gems/ruby-2.2.1@4.2.6/gems/spring-1.7.1/lib/spring/client.rb:30:in `run'
	from /Users/user/.rvm/gems/ruby-2.2.1@4.2.6/gems/spring-1.7.1/bin/spring:49:in `<top (required)>'
	from /Users/user/.rvm/gems/ruby-2.2.1@4.2.6/gems/spring-1.7.1/lib/spring/binstub.rb:11:in `load'
	from /Users/user/.rvm/gems/ruby-2.2.1@4.2.6/gems/spring-1.7.1/lib/spring/binstub.rb:11:in `<top (required)>'
	from /Users/user/Documents/ror_workspace/apitest/bin/spring:13:in `require'
	from /Users/user/Documents/ror_workspace/apitest/bin/spring:13:in `<top (required)>'
	from bin/rails:3:in `load'
	from bin/rails:3:in `<main>'
=== puma startup: 2016-05-20 13:59:49 -0500 ===
/Users/user/.rvm/gems/ruby-2.2.1@4.2.6/gems/rack-1.6.4/lib/rack/server.rb:355:in `delete': No such file or directory @ unlink_internal - /Users/user/Documents/ror_workspace/apitest/tmp/pids/server.pid (Errno::ENOENT)
	from /Users/user/.rvm/gems/ruby-2.2.1@4.2.6/gems/rack-1.6.4/lib/rack/server.rb:355:in `block in write_pid'
	from /Users/user/.rvm/gems/ruby-2.2.1@4.2.6/gems/puma-3.4.0/lib/puma/cluster.rb:120:in `fork'
	from /Users/user/.rvm/gems/ruby-2.2.1@4.2.6/gems/puma-3.4.0/lib/puma/cluster.rb:120:in `block in spawn_workers'
	from /Users/user/.rvm/gems/ruby-2.2.1@4.2.6/gems/puma-3.4.0/lib/puma/cluster.rb:116:in `times'
	from /Users/user/.rvm/gems/ruby-2.2.1@4.2.6/gems/puma-3.4.0/lib/puma/cluster.rb:116:in `spawn_workers'
	from /Users/user/.rvm/gems/ruby-2.2.1@4.2.6/gems/puma-3.4.0/lib/puma/cluster.rb:424:in `run'
	from /Users/user/.rvm/gems/ruby-2.2.1@4.2.6/gems/puma-3.4.0/lib/puma/launcher.rb:172:in `run'
	from /Users/user/.rvm/gems/ruby-2.2.1@4.2.6/gems/puma-3.4.0/lib/rack/handler/puma.rb:51:in `run'
	from /Users/user/.rvm/gems/ruby-2.2.1@4.2.6/gems/rack-1.6.4/lib/rack/server.rb:286:in `start'
	from /Users/user/.rvm/gems/ruby-2.2.1@4.2.6/gems/railties-4.2.6/lib/rails/commands/server.rb:80:in `start'
	from /Users/user/.rvm/gems/ruby-2.2.1@4.2.6/gems/railties-4.2.6/lib/rails/commands/commands_tasks.rb:80:in `block in server'
	from /Users/user/.rvm/gems/ruby-2.2.1@4.2.6/gems/railties-4.2.6/lib/rails/commands/commands_tasks.rb:75:in `tap'
	from /Users/user/.rvm/gems/ruby-2.2.1@4.2.6/gems/railties-4.2.6/lib/rails/commands/commands_tasks.rb:75:in `server'
	from /Users/user/.rvm/gems/ruby-2.2.1@4.2.6/gems/railties-4.2.6/lib/rails/commands/commands_tasks.rb:39:in `run_command!'
	from /Users/user/.rvm/gems/ruby-2.2.1@4.2.6/gems/railties-4.2.6/lib/rails/commands.rb:17:in `<top (required)>'
	from /Users/user/Documents/ror_workspace/apitest/bin/rails:9:in `require'
	from /Users/user/Documents/ror_workspace/apitest/bin/rails:9:in `<top (required)>'
	from /Users/user/.rvm/gems/ruby-2.2.1@4.2.6/gems/spring-1.7.1/lib/spring/client/rails.rb:28:in `load'
	from /Users/user/.rvm/gems/ruby-2.2.1@4.2.6/gems/spring-1.7.1/lib/spring/client/rails.rb:28:in `call'
	from /Users/user/.rvm/gems/ruby-2.2.1@4.2.6/gems/spring-1.7.1/lib/spring/client/command.rb:7:in `call'
	from /Users/user/.rvm/gems/ruby-2.2.1@4.2.6/gems/spring-1.7.1/lib/spring/client.rb:30:in `run'
	from /Users/user/.rvm/gems/ruby-2.2.1@4.2.6/gems/spring-1.7.1/bin/spring:49:in `<top (required)>'
	from /Users/user/.rvm/gems/ruby-2.2.1@4.2.6/gems/spring-1.7.1/lib/spring/binstub.rb:11:in `load'
	from /Users/user/.rvm/gems/ruby-2.2.1@4.2.6/gems/spring-1.7.1/lib/spring/binstub.rb:11:in `<top (required)>'
	from /Users/user/Documents/ror_workspace/apitest/bin/spring:13:in `require'
	from /Users/user/Documents/ror_workspace/apitest/bin/spring:13:in `<top (required)>'
	from bin/rails:3:in `load'
	from bin/rails:3:in `<main>'
=== puma startup: 2016-05-20 14:01:20 -0500 ===
2016-05-20 14:01:23 -0500: Rack app error: #<RuntimeError: Missing `secret_token` and `secret_key_base` for 'production' environment, set these values in `config/secrets.yml`>
/Users/user/.rvm/gems/ruby-2.2.1@4.2.6/gems/railties-4.2.6/lib/rails/application.rb:534:in `validate_secret_key_config!'
/Users/user/.rvm/gems/ruby-2.2.1@4.2.6/gems/railties-4.2.6/lib/rails/application.rb:246:in `env_config'
/Users/user/.rvm/gems/ruby-2.2.1@4.2.6/gems/railties-4.2.6/lib/rails/engine.rb:514:in `call'
/Users/user/.rvm/gems/ruby-2.2.1@4.2.6/gems/railties-4.2.6/lib/rails/application.rb:165:in `call'
/Users/user/.rvm/gems/ruby-2.2.1@4.2.6/gems/rack-1.6.4/lib/rack/content_length.rb:15:in `call'
/Users/user/.rvm/gems/ruby-2.2.1@4.2.6/gems/puma-3.4.0/lib/puma/configuration.rb:224:in `call'
/Users/user/.rvm/gems/ruby-2.2.1@4.2.6/gems/puma-3.4.0/lib/puma/server.rb:569:in `handle_request'
/Users/user/.rvm/gems/ruby-2.2.1@4.2.6/gems/puma-3.4.0/lib/puma/server.rb:406:in `process_client'
/Users/user/.rvm/gems/ruby-2.2.1@4.2.6/gems/puma-3.4.0/lib/puma/server.rb:271:in `block in run'
/Users/user/.rvm/gems/ruby-2.2.1@4.2.6/gems/puma-3.4.0/lib/puma/thread_pool.rb:114:in `call'
/Users/user/.rvm/gems/ruby-2.2.1@4.2.6/gems/puma-3.4.0/lib/puma/thread_pool.rb:114:in `block in spawn_thread'
2016-05-20 14:01:23 -0500: Rack app error: #<RuntimeError: Missing `secret_token` and `secret_key_base` for 'production' environment, set these values in `config/secrets.yml`>
/Users/user/.rvm/gems/ruby-2.2.1@4.2.6/gems/railties-4.2.6/lib/rails/application.rb:534:in `validate_secret_key_config!'
/Users/user/.rvm/gems/ruby-2.2.1@4.2.6/gems/railties-4.2.6/lib/rails/application.rb:246:in `env_config'
/Users/user/.rvm/gems/ruby-2.2.1@4.2.6/gems/railties-4.2.6/lib/rails/engine.rb:514:in `call'
/Users/user/.rvm/gems/ruby-2.2.1@4.2.6/gems/railties-4.2.6/lib/rails/application.rb:165:in `call'
/Users/user/.rvm/gems/ruby-2.2.1@4.2.6/gems/rack-1.6.4/lib/rack/content_length.rb:15:in `call'
/Users/user/.rvm/gems/ruby-2.2.1@4.2.6/gems/puma-3.4.0/lib/puma/configuration.rb:224:in `call'
/Users/user/.rvm/gems/ruby-2.2.1@4.2.6/gems/puma-3.4.0/lib/puma/server.rb:569:in `handle_request'
/Users/user/.rvm/gems/ruby-2.2.1@4.2.6/gems/puma-3.4.0/lib/puma/server.rb:406:in `process_client'
/Users/user/.rvm/gems/ruby-2.2.1@4.2.6/gems/puma-3.4.0/lib/puma/server.rb:271:in `block in run'
/Users/user/.rvm/gems/ruby-2.2.1@4.2.6/gems/puma-3.4.0/lib/puma/thread_pool.rb:114:in `call'
/Users/user/.rvm/gems/ruby-2.2.1@4.2.6/gems/puma-3.4.0/lib/puma/thread_pool.rb:114:in `block in spawn_thread'
2016-05-20 14:01:28 -0500: Rack app error: #<RuntimeError: Missing `secret_token` and `secret_key_base` for 'production' environment, set these values in `config/secrets.yml`>
/Users/user/.rvm/gems/ruby-2.2.1@4.2.6/gems/railties-4.2.6/lib/rails/application.rb:534:in `validate_secret_key_config!'
/Users/user/.rvm/gems/ruby-2.2.1@4.2.6/gems/railties-4.2.6/lib/rails/application.rb:246:in `env_config'
/Users/user/.rvm/gems/ruby-2.2.1@4.2.6/gems/railties-4.2.6/lib/rails/engine.rb:514:in `call'
/Users/user/.rvm/gems/ruby-2.2.1@4.2.6/gems/railties-4.2.6/lib/rails/application.rb:165:in `call'
/Users/user/.rvm/gems/ruby-2.2.1@4.2.6/gems/rack-1.6.4/lib/rack/content_length.rb:15:in `call'
/Users/user/.rvm/gems/ruby-2.2.1@4.2.6/gems/puma-3.4.0/lib/puma/configuration.rb:224:in `call'
/Users/user/.rvm/gems/ruby-2.2.1@4.2.6/gems/puma-3.4.0/lib/puma/server.rb:569:in `handle_request'
/Users/user/.rvm/gems/ruby-2.2.1@4.2.6/gems/puma-3.4.0/lib/puma/server.rb:406:in `process_client'
/Users/user/.rvm/gems/ruby-2.2.1@4.2.6/gems/puma-3.4.0/lib/puma/server.rb:271:in `block in run'
/Users/user/.rvm/gems/ruby-2.2.1@4.2.6/gems/puma-3.4.0/lib/puma/thread_pool.rb:114:in `call'
/Users/user/.rvm/gems/ruby-2.2.1@4.2.6/gems/puma-3.4.0/lib/puma/thread_pool.rb:114:in `block in spawn_thread'
2016-05-20 14:01:28 -0500: Rack app error: #<RuntimeError: Missing `secret_token` and `secret_key_base` for 'production' environment, set these values in `config/secrets.yml`>
/Users/user/.rvm/gems/ruby-2.2.1@4.2.6/gems/railties-4.2.6/lib/rails/application.rb:534:in `validate_secret_key_config!'
/Users/user/.rvm/gems/ruby-2.2.1@4.2.6/gems/railties-4.2.6/lib/rails/application.rb:246:in `env_config'
/Users/user/.rvm/gems/ruby-2.2.1@4.2.6/gems/railties-4.2.6/lib/rails/engine.rb:514:in `call'
/Users/user/.rvm/gems/ruby-2.2.1@4.2.6/gems/railties-4.2.6/lib/rails/application.rb:165:in `call'
/Users/user/.rvm/gems/ruby-2.2.1@4.2.6/gems/rack-1.6.4/lib/rack/content_length.rb:15:in `call'
/Users/user/.rvm/gems/ruby-2.2.1@4.2.6/gems/puma-3.4.0/lib/puma/configuration.rb:224:in `call'
/Users/user/.rvm/gems/ruby-2.2.1@4.2.6/gems/puma-3.4.0/lib/puma/server.rb:569:in `handle_request'
/Users/user/.rvm/gems/ruby-2.2.1@4.2.6/gems/puma-3.4.0/lib/puma/server.rb:406:in `process_client'
/Users/user/.rvm/gems/ruby-2.2.1@4.2.6/gems/puma-3.4.0/lib/puma/server.rb:271:in `block in run'
/Users/user/.rvm/gems/ruby-2.2.1@4.2.6/gems/puma-3.4.0/lib/puma/thread_pool.rb:114:in `call'
/Users/user/.rvm/gems/ruby-2.2.1@4.2.6/gems/puma-3.4.0/lib/puma/thread_pool.rb:114:in `block in spawn_thread'
/Users/user/.rvm/gems/ruby-2.2.1@4.2.6/gems/rack-1.6.4/lib/rack/server.rb:355:in `delete': No such file or directory @ unlink_internal - /Users/user/Documents/ror_workspace/apitest/tmp/pids/server.pid (Errno::ENOENT)
	from /Users/user/.rvm/gems/ruby-2.2.1@4.2.6/gems/rack-1.6.4/lib/rack/server.rb:355:in `block in write_pid'
	from /Users/user/.rvm/gems/ruby-2.2.1@4.2.6/gems/puma-3.4.0/lib/puma/cluster.rb:120:in `fork'
	from /Users/user/.rvm/gems/ruby-2.2.1@4.2.6/gems/puma-3.4.0/lib/puma/cluster.rb:120:in `block in spawn_workers'
	from /Users/user/.rvm/gems/ruby-2.2.1@4.2.6/gems/puma-3.4.0/lib/puma/cluster.rb:116:in `times'
	from /Users/user/.rvm/gems/ruby-2.2.1@4.2.6/gems/puma-3.4.0/lib/puma/cluster.rb:116:in `spawn_workers'
	from /Users/user/.rvm/gems/ruby-2.2.1@4.2.6/gems/puma-3.4.0/lib/puma/cluster.rb:424:in `run'
	from /Users/user/.rvm/gems/ruby-2.2.1@4.2.6/gems/puma-3.4.0/lib/puma/launcher.rb:172:in `run'
	from /Users/user/.rvm/gems/ruby-2.2.1@4.2.6/gems/puma-3.4.0/lib/rack/handler/puma.rb:51:in `run'
	from /Users/user/.rvm/gems/ruby-2.2.1@4.2.6/gems/rack-1.6.4/lib/rack/server.rb:286:in `start'
	from /Users/user/.rvm/gems/ruby-2.2.1@4.2.6/gems/railties-4.2.6/lib/rails/commands/server.rb:80:in `start'
	from /Users/user/.rvm/gems/ruby-2.2.1@4.2.6/gems/railties-4.2.6/lib/rails/commands/commands_tasks.rb:80:in `block in server'
	from /Users/user/.rvm/gems/ruby-2.2.1@4.2.6/gems/railties-4.2.6/lib/rails/commands/commands_tasks.rb:75:in `tap'
	from /Users/user/.rvm/gems/ruby-2.2.1@4.2.6/gems/railties-4.2.6/lib/rails/commands/commands_tasks.rb:75:in `server'
	from /Users/user/.rvm/gems/ruby-2.2.1@4.2.6/gems/railties-4.2.6/lib/rails/commands/commands_tasks.rb:39:in `run_command!'
	from /Users/user/.rvm/gems/ruby-2.2.1@4.2.6/gems/railties-4.2.6/lib/rails/commands.rb:17:in `<top (required)>'
	from /Users/user/Documents/ror_workspace/apitest/bin/rails:9:in `require'
	from /Users/user/Documents/ror_workspace/apitest/bin/rails:9:in `<top (required)>'
	from /Users/user/.rvm/gems/ruby-2.2.1@4.2.6/gems/spring-1.7.1/lib/spring/client/rails.rb:28:in `load'
	from /Users/user/.rvm/gems/ruby-2.2.1@4.2.6/gems/spring-1.7.1/lib/spring/client/rails.rb:28:in `call'
	from /Users/user/.rvm/gems/ruby-2.2.1@4.2.6/gems/spring-1.7.1/lib/spring/client/command.rb:7:in `call'
	from /Users/user/.rvm/gems/ruby-2.2.1@4.2.6/gems/spring-1.7.1/lib/spring/client.rb:30:in `run'
	from /Users/user/.rvm/gems/ruby-2.2.1@4.2.6/gems/spring-1.7.1/bin/spring:49:in `<top (required)>'
	from /Users/user/.rvm/gems/ruby-2.2.1@4.2.6/gems/spring-1.7.1/lib/spring/binstub.rb:11:in `load'
	from /Users/user/.rvm/gems/ruby-2.2.1@4.2.6/gems/spring-1.7.1/lib/spring/binstub.rb:11:in `<top (required)>'
	from /Users/user/Documents/ror_workspace/apitest/bin/spring:13:in `require'
	from /Users/user/Documents/ror_workspace/apitest/bin/spring:13:in `<top (required)>'
	from bin/rails:3:in `load'
	from bin/rails:3:in `<main>'
=== puma startup: 2016-05-20 14:04:57 -0500 ===
=== puma startup: 2016-05-20 14:07:36 -0500 ===
=== puma startup: 2016-05-20 14:08:20 -0500 ===
=== puma startup: 2016-05-20 14:36:25 -0500 ===
=== puma startup: 2016-05-24 19:37:56 -0500 ===
=== puma startup: 2016-05-24 19:46:19 -0500 ===
